0 info it worked if it ends with ok
1 verbose cli [ '/usr/local/bin/node', '/usr/local/bin/npm', 'run', 'test' ]
2 info using npm@2.14.20
3 info using node@v4.4.0
4 verbose run-script [ 'pretest', 'test', 'posttest' ]
5 info pretest http-bat@0.1.5
6 info test http-bat@0.1.5
7 verbose unsafe-perm in lifecycle true
8 info http-bat@0.1.5 Failed to exec test script
9 verbose stack Error: http-bat@0.1.5 test: `mocha --reporter spec`
9 verbose stack Exit status 1
9 verbose stack     at EventEmitter.<anonymous> (/usr/local/lib/node_modules/npm/lib/utils/lifecycle.js:214:16)
9 verbose stack     at emitTwo (events.js:87:13)
9 verbose stack     at EventEmitter.emit (events.js:172:7)
9 verbose stack     at ChildProcess.<anonymous> (/usr/local/lib/node_modules/npm/lib/utils/spawn.js:24:14)
9 verbose stack     at emitTwo (events.js:87:13)
9 verbose stack     at ChildProcess.emit (events.js:172:7)
9 verbose stack     at maybeClose (internal/child_process.js:827:16)
9 verbose stack     at Process.ChildProcess._handle.onexit (internal/child_process.js:211:5)
10 verbose pkgid http-bat@0.1.5
11 verbose cwd /Users/menduz/Code/MuleCode/http-bat
12 error Darwin 15.0.0
13 error argv "/usr/local/bin/node" "/usr/local/bin/npm" "run" "test"
14 error node v4.4.0
15 error npm  v2.14.20
16 error code ELIFECYCLE
17 error http-bat@0.1.5 test: `mocha --reporter spec`
17 error Exit status 1
18 error Failed at the http-bat@0.1.5 test script 'mocha --reporter spec'.
18 error This is most likely a problem with the http-bat package,
18 error not with npm itself.
18 error Tell the author that this fails on your system:
18 error     mocha --reporter spec
18 error You can get information on how to open an issue for this project with:
18 error     npm bugs http-bat
18 error Or if that isn't available, you can get their info via:
18 error
18 error     npm owner ls http-bat
18 error There is likely additional logging output above.
19 verbose exit [ 1, true ]
